0 info it worked if it ends with ok
1 verbose cli [ 'C:\\Program Files\\nodejs\\node.exe',
1 verbose cli   'C:\\Users\\PeterEldred\\AppData\\Roaming\\npm\\node_modules\\npm\\bin\\npm-cli.js',
1 verbose cli   'run',
1 verbose cli   'test' ]
2 info using npm@6.4.1
3 info using node@v10.15.2
4 verbose run-script [ 'pretest', 'test', 'posttest' ]
5 info lifecycle led-matrix@0.0.4~pretest: led-matrix@0.0.4
6 info lifecycle led-matrix@0.0.4~test: led-matrix@0.0.4
7 verbose lifecycle led-matrix@0.0.4~test: unsafe-perm in lifecycle true
8 verbose lifecycle led-matrix@0.0.4~test: PATH: C:\Users\PeterEldred\AppData\Roaming\npm\node_modules\npm\node_modules\npm-lifecycle\node-gyp-bin;C:\Users\PeterEldred\Projects\LED-Matrix\node_modules\.bin;C:\Program Files\Git\mingw64\bin;C:\Program Files\Git\usr\bin;C:\Users\PeterEldred\bin;C:\Program Files (x86)\Common Files\Oracle\Java\javapath;C:\Program Files\PHP\v7.2;C:\Program Files (x86)\Intel\Intel(R) Management Engine Components\iCLS;C:\Program Files\Intel\Intel(R) Management Engine Components\iCLS;C:\Windows\system32;C:\Windows;C:\Windows\System32\Wbem;C:\Windows\System32\WindowsPowerShell\v1.0;C:\Program Files (x86)\Intel\Intel(R) Management Engine Components\DAL;C:\Program Files\Intel\Intel(R) Management Engine Components\DAL;C:\Program Files (x86)\Intel\Intel(R) Management Engine Components\IPT;C:\Program Files\Intel\Intel(R) Management Engine Components\IPT;C:\Program Files (x86)\NVIDIA Corporation\PhysX\Common;C:\WINDOWS\system32;C:\WINDOWS;C:\WINDOWS\System32\Wbem;C:\WINDOWS\System32\WindowsPowerShell\v1.0;C:\WINDOWS\System32\OpenSSH;C:\Program Files\PuTTY;C:\Program Files\Microsoft\Web Platform Installer;C:\Users\PeterEldred\AppData\Local\Microsoft\WindowsApps;C:\Users\PeterEldred\AppData\Local\Box\Box Edit;C:\Program Files\Microsoft VS Code\bin;C:\ProgramData\ComposerSetup\bin;C:\Program Files\NVIDIA Corporation\NVIDIA NvDLISR;C:\HashiCorp\Vagrant\bin;C:\WINDOWS\system32;C:\WINDOWS;C:\WINDOWS\System32\Wbem;C:\WINDOWS\System32\WindowsPowerShell\v1.0;C:\WINDOWS\System32\OpenSSH;C:\Program Files (x86)\QuickTime\QTSystem;C:\Program Files\nodejs;C:\Program Files\Redis-x64-3.2.100;C:\Program Files (x86)\Yarn\bin;C:\Program Files\Git\cmd;C:\Users\PeterEldred\AppData\Local\Programs\Python\Python37\Scripts;C:\Users\PeterEldred\AppData\Local\Programs\Python\Python37;C:\Users\PeterEldred\AppData\Local\Microsoft\WindowsApps;C:\Program Files\Microsoft VS Code\bin;C:\Users\PeterEldred\AppData\Roaming\Composer\vendor\bin;C:\Users\PeterEldred\AppData\Roaming\Python\Python37\Scripts;C:\Users\PeterEldred\AppData\Roaming\Python\Python37;C:\Users\PeterEldred\AppData\Roaming\npm;C:\Users\PeterEldred\AppData\Local\Yarn\bin;C:\Users\PeterEldred\AppData\Local\Box\Box Edit;C:\Program Files\ffmpeg\bin
9 verbose lifecycle led-matrix@0.0.4~test: CWD: C:\Users\PeterEldred\Projects\LED-Matrix
10 silly lifecycle led-matrix@0.0.4~test: Args: [ '/d /s /c', 'sudo nodemon src/lib/helpers/argbBlend.test.js' ]
11 silly lifecycle led-matrix@0.0.4~test: Returned: code: 1  signal: null
12 info lifecycle led-matrix@0.0.4~test: Failed to exec test script
13 verbose stack Error: led-matrix@0.0.4 test: `sudo nodemon src/lib/helpers/argbBlend.test.js`
13 verbose stack Exit status 1
13 verbose stack     at EventEmitter.<anonymous> (C:\Users\PeterEldred\AppData\Roaming\npm\node_modules\npm\node_modules\npm-lifecycle\index.js:301:16)
13 verbose stack     at EventEmitter.emit (events.js:189:13)
13 verbose stack     at ChildProcess.<anonymous> (C:\Users\PeterEldred\AppData\Roaming\npm\node_modules\npm\node_modules\npm-lifecycle\lib\spawn.js:55:14)
13 verbose stack     at ChildProcess.emit (events.js:189:13)
13 verbose stack     at maybeClose (internal/child_process.js:970:16)
13 verbose stack     at Process.ChildProcess._handle.onexit (internal/child_process.js:259:5)
14 verbose pkgid led-matrix@0.0.4
15 verbose cwd C:\Users\PeterEldred\Projects\LED-Matrix
16 verbose Windows_NT 10.0.18362
17 verbose argv "C:\\Program Files\\nodejs\\node.exe" "C:\\Users\\PeterEldred\\AppData\\Roaming\\npm\\node_modules\\npm\\bin\\npm-cli.js" "run" "test"
18 verbose node v10.15.2
19 verbose npm  v6.4.1
20 error code ELIFECYCLE
21 error errno 1
22 error led-matrix@0.0.4 test: `sudo nodemon src/lib/helpers/argbBlend.test.js`
22 error Exit status 1
23 error Failed at the led-matrix@0.0.4 test script.
23 error This is probably not a problem with npm. There is likely additional logging output above.
24 verbose exit [ 1, true ]
